{
  "RSpec": {
    "coverage": {
      "/Users/jackschuss/Sites/bloc/code/Open-Todo-API/app/helpers/api_helper.rb": [
        1,
        null
      ],
      "/Users/jackschuss/Sites/bloc/code/Open-Todo-API/app/helpers/application_helper.rb": [
        1,
        null
      ],
      "/Users/jackschuss/Sites/bloc/code/Open-Todo-API/app/controllers/api/users_controller.rb": [
        1,
        1,
        null,
        1,
        2,
        null,
        2,
        null,
        2,
        null,
        null,
        1,
        3,
        null,
        3,
        3,
        null,
        null,
        0,
        null,
        null,
        null,
        1,
        null,
        0,
        0,
        0,
        0,
        null,
        0,
        0,
        null,
        null,
        null,
        null,
        1,
        null,
        1,
        2,
        null,
        null,
        1,
        3,
        null,
        null,
        null
      ],
      "/Users/jackschuss/Sites/bloc/code/Open-Todo-API/app/controllers/api_controller.rb": [
        1,
        1,
        null,
        null,
        1,
        7,
        6,
        null,
        null,
        null,
        1,
        0,
        0,
        null,
        null,
        null
      ],
      "/Users/jackschuss/Sites/bloc/code/Open-Todo-API/app/controllers/application_controller.rb": [
        1,
        null,
        null,
        1,
        null
      ],
      "/Users/jackschuss/Sites/bloc/code/Open-Todo-API/app/models/item.rb": [
        1,
        1,
        1,
        1,
        null
      ],
      "/Users/jackschuss/Sites/bloc/code/Open-Todo-API/app/models/list.rb": [
        1,
        1,
        1,
        null,
        1,
        1,
        1,
        1,
        null
      ],
      "/Users/jackschuss/Sites/bloc/code/Open-Todo-API/app/models/user.rb": [
        1,
        1,
        1,
        null,
        1,
        5,
        null,
        null,
        1,
        10,
        10,
        10,
        null,
        null,
        null
      ],
      "/Users/jackschuss/Sites/bloc/code/Open-Todo-API/app/serializers/user_serializer.rb": [
        1,
        1,
        null,
        null,
        1,
        5,
        null,
        null,
        1,
        5,
        null,
        null
      ],
      "/Users/jackschuss/Sites/bloc/code/Open-Todo-API/app/controllers/api/items_controller.rb": [
        0,
        0,
        0,
        0,
        0,
        0,
        0,
        0,
        0,
        0,
        0,
        0,
        0,
        0,
        0,
        0,
        0,
        0,
        0,
        0,
        0,
        0,
        0,
        0,
        0,
        0,
        0,
        0,
        0,
        0,
        0,
        0,
        0,
        0,
        0,
        0,
        0,
        0,
        0,
        0,
        0,
        0,
        0
      ],
      "/Users/jackschuss/Sites/bloc/code/Open-Todo-API/app/controllers/api/lists_controller.rb": [
        0,
        0,
        0,
        0,
        0,
        0,
        0,
        0,
        0,
        0,
        0,
        0,
        0,
        0,
        0,
        0,
        0,
        0,
        0,
        0,
        0,
        0,
        0,
        0,
        0,
        0,
        0,
        0,
        0,
        0,
        0,
        0,
        0,
        0,
        0,
        0,
        0,
        0,
        0,
        0,
        0,
        0,
        0,
        0,
        0,
        0,
        0,
        0,
        0,
        0,
        0,
        0,
        0,
        0,
        0,
        0,
        0
      ],
      "/Users/jackschuss/Sites/bloc/code/Open-Todo-API/app/serializers/item_serializer.rb": [
        0,
        0,
        0
      ],
      "/Users/jackschuss/Sites/bloc/code/Open-Todo-API/app/serializers/list_serializer.rb": [
        0,
        0,
        0
      ]
    },
    "timestamp": 1457558928
  }
}
